<?xml version="1.0" encoding="UTF-8"?>
<!-- Generated by org.testng.reporters.JUnitReportReporter -->
<testsuite hostname="Ramya" failures="0" tests="4" name="api.test.UserTestClass" time="3.596" errors="0" timestamp="2024-02-21T16:16:05 PST" skipped="0">
  <testcase classname="api.test.UserTestClass" name="testCreateUser" time="1.574"/>
  <system-out/>
  <testcase classname="api.test.UserTestClass" name="testGetUser" time="0.508"/>
  <system-out/>
  <testcase classname="api.test.UserTestClass" name="testUpdateUser" time="1.010"/>
  <system-out/>
  <testcase classname="api.test.UserTestClass" name="testDeleteUser" time="0.504"/>
  <system-out/>
</testsuite> <!-- api.test.UserTestClass -->
